<?xml version="1.0" encoding="UTF-8"?>
<!-- Generated by org.testng.reporters.JUnitXMLReporter -->
<testsuite ignored="0" hostname="LAPTOP-K8IGKC6A" failures="0" tests="14" name="PetTest" time="33.624" errors="0" timestamp="2024-11-14T06:48:17 IST">
  <testcase classname="api.test.DataDrivenTests" name="testPostUser" time="7.374"/>
  <testcase classname="api.test.DataDrivenTests" name="testPostUser" time="1.291"/>
  <testcase classname="api.test.DataDrivenTests" name="testPostUser" time="1.309"/>
  <testcase classname="api.test.DataDrivenTests" name="testDeleteUserByName" time="1.347"/>
  <testcase classname="api.test.DataDrivenTests" name="testDeleteUserByName" time="1.451"/>
  <testcase classname="api.test.DataDrivenTests" name="testDeleteUserByName" time="1.382"/>
  <testcase classname="api.test.PetTests" name="testAddNewPet" time="1.679"/>
  <testcase classname="api.test.StoreTests" name="testPostOrder" time="1.355"/>
  <testcase classname="api.test.StoreTests" name="testGetOrderById" time="1.249"/>
  <testcase classname="api.test.StoreTests" name="testDeleteOrderById" time="1.235"/>
  <testcase classname="api.test.UserTests" name="testPostUser" time="1.277"/>
  <testcase classname="api.test.UserTests" name="testGetUserByName" time="1.237"/>
  <testcase classname="api.test.UserTests" name="testUpdateUserByName" time="2.436"/>
  <testcase classname="api.test.UserTests" name="testDeleteUserByName" time="1.25"/>
</testsuite> <!-- PetTest -->
