<?xml version="1.0" encoding="UTF-8"?>
<!-- Generated by org.testng.reporters.JUnitXMLReporter -->
<testsuite ignored="0" hostname="LAPTOP-K8IGKC6A" failures="0" tests="6" name="Default test" time="23.101" errors="0" timestamp="2024-11-14T06:44:13 IST">
  <testcase classname="api.test.DataDrivenTests" name="testPostUser" time="9.371"/>
  <testcase classname="api.test.DataDrivenTests" name="testPostUser" time="1.292"/>
  <testcase classname="api.test.DataDrivenTests" name="testPostUser" time="1.279"/>
  <testcase classname="api.test.DataDrivenTests" name="testDeleteUserByName" time="1.334"/>
  <testcase classname="api.test.DataDrivenTests" name="testDeleteUserByName" time="1.234"/>
  <testcase classname="api.test.DataDrivenTests" name="testDeleteUserByName" time="1.254"/>
</testsuite> <!-- Default test -->
