<?xml version="1.0" encoding="UTF-8"?>
<!-- Generated by org.testng.reporters.JUnitXMLReporter -->
<testsuite ignored="0" hostname="LAPTOP-K8IGKC6A" failures="0" tests="4" name="PetTest" time="20.826" errors="0" timestamp="2024-11-13T19:33:17 IST">
  <testcase classname="api.test.UserTest2" name="testPostUser" time="9.812"/>
  <testcase classname="api.test.UserTest2" name="testGetUserByName" time="1.403"/>
  <testcase classname="api.test.UserTest2" name="testUpdateUserByName" time="2.865"/>
  <testcase classname="api.test.UserTest2" name="testDeleteUserByName" time="1.926"/>
</testsuite> <!-- PetTest -->
